<?xml version="1.0" encoding="UTF-8"?>
<!-- Generated by org.testng.reporters.JUnitReportReporter -->
<testsuite hostname="dac31" failures="0" tests="1" name="com.test.TestSignUp" time="3.792" errors="0" timestamp="2024-01-13T17:00:03 IST" skipped="0">
  <testcase classname="com.test.TestSignUp" name="testAll" time="3.792"/>
</testsuite> <!-- com.test.TestSignUp -->
